<?xml version="1.0" encoding="UTF-8"?>
<!-- Generated by org.testng.reporters.JUnitReportReporter -->
<testsuite skipped="0" hostname="sirishas-Air.hitronhub.home" name="mytests.InvocationCount" tests="10" failures="0" timestamp="01 Feb 2022 18:22:40 GMT" time="0.025" errors="0">
  <testcase name="getUserTest" time="0.003" classname="mytests.InvocationCount"/>
  <testcase name="getUserTest" time="0.001" classname="mytests.InvocationCount"/>
  <testcase name="getUserTest" time="0.000" classname="mytests.InvocationCount"/>
  <testcase name="getUserTest" time="0.001" classname="mytests.InvocationCount"/>
  <testcase name="getUserTest" time="0.010" classname="mytests.InvocationCount"/>
  <testcase name="getUserTest" time="0.004" classname="mytests.InvocationCount"/>
  <testcase name="getUserTest" time="0.001" classname="mytests.InvocationCount"/>
  <testcase name="getUserTest" time="0.002" classname="mytests.InvocationCount"/>
  <testcase name="getUserTest" time="0.001" classname="mytests.InvocationCount"/>
  <testcase name="getUserTest" time="0.002" classname="mytests.InvocationCount"/>
</testsuite> <!-- mytests.InvocationCount -->
