<?xml version="1.0" encoding="UTF-8"?>
<!-- Generated by org.testng.reporters.JUnitReportReporter -->
<testsuite skipped="0" hostname="sirishas-Air.hitronhub.home" name="mytests.EcommTest" tests="7" failures="0" timestamp="31 Jan 2022 21:09:15 GMT" time="0.021" errors="0">
  <testcase name="searchTest" time="0.009" classname="mytests.EcommTest"/>
  <testcase name="loginTest" time="0.001" classname="mytests.EcommTest"/>
  <testcase name="m2Test" time="0.003" classname="mytests.EcommTest"/>
  <testcase name="m3Test" time="0.001" classname="mytests.EcommTest"/>
  <testcase name="homeTest" time="0.005" classname="mytests.EcommTest"/>
  <testcase name="m1Test" time="0.002" classname="mytests.EcommTest"/>
  <testcase name="cartTest" time="0.000" classname="mytests.EcommTest"/>
</testsuite> <!-- mytests.EcommTest -->
