<?xml version="1.0" encoding="UTF-8"?>
<!-- Generated by org.testng.reporters.JUnitReportReporter -->
<testsuite skipped="0" hostname="sirishas-Air.hitronhub.home" name="Apptests.OrangeHrmTest" tests="4" failures="0" timestamp="03 Feb 2022 22:51:27 GMT" time="0.242" errors="0">
  <testcase name="logoTest" time="0.107" classname="Apptests.OrangeHrmTest"/>
  <testcase name="contactSalesLinkTest" time="0.107" classname="Apptests.OrangeHrmTest"/>
  <testcase name="headerTest" time="0.021" classname="Apptests.OrangeHrmTest"/>
  <testcase name="pageTitleTest" time="0.007" classname="Apptests.OrangeHrmTest"/>
</testsuite> <!-- Apptests.OrangeHrmTest -->
