<?xml version="1.0" encoding="UTF-8"?>
<!-- Generated by org.testng.reporters.JUnitReportReporter -->
<testsuite skipped="0" hostname="sirishas-Air.hitronhub.home" name="Apptests.DemoOpenCartTest" tests="2" failures="0" timestamp="03 Feb 2022 22:51:27 GMT" time="0.133" errors="0">
  <testcase name="openCartTitleTest" time="0.030" classname="Apptests.DemoOpenCartTest"/>
  <testcase name="openCartHeaderTest" time="0.103" classname="Apptests.DemoOpenCartTest"/>
</testsuite> <!-- Apptests.DemoOpenCartTest -->
