<?xml version="1.0" encoding="UTF-8"?>
<!-- Generated by org.testng.reporters.JUnitReportReporter -->
<testsuite skipped="0" hostname="sirishas-Air.hitronhub.home" name="mytests.OrangeHrmBMTest" tests="1" failures="0" timestamp="31 Jan 2022 22:11:12 GMT" time="8.027" errors="0">
  <testcase name="requiredMessageTest" time="8.027" classname="mytests.OrangeHrmBMTest"/>
</testsuite> <!-- mytests.OrangeHrmBMTest -->
