<?xml version="1.0" encoding="UTF-8"?>
<!-- Generated by org.testng.reporters.JUnitReportReporter -->
<testsuite skipped="0" hostname="sirishas-Air.hitronhub.home" name="mytests.OrangeHrmTest" tests="4" failures="0" timestamp="31 Jan 2022 21:36:50 GMT" time="0.244" errors="0">
  <testcase name="logoTest" time="0.099" classname="mytests.OrangeHrmTest"/>
  <testcase name="contactSalesLinkTest" time="0.119" classname="mytests.OrangeHrmTest"/>
  <testcase name="headerTest" time="0.020" classname="mytests.OrangeHrmTest"/>
  <testcase name="pageTitleTest" time="0.006" classname="mytests.OrangeHrmTest"/>
</testsuite> <!-- mytests.OrangeHrmTest -->
