<?xml version="1.0" encoding="UTF-8"?>
<!-- Generated by org.testng.reporters.JUnitReportReporter -->
<testsuite skipped="0" hostname="sirishas-Air.hitronhub.home" name="mytests.LoginPageTest" tests="5" failures="0" timestamp="01 Feb 2022 21:47:25 GMT" time="0.014" errors="0">
  <testcase name="loginTest" time="0.002" classname="mytests.LoginPageTest"/>
  <testcase name="loginTest" time="0.000" classname="mytests.LoginPageTest"/>
  <testcase name="loginTest" time="0.002" classname="mytests.LoginPageTest"/>
  <testcase name="loginTest" time="0.009" classname="mytests.LoginPageTest"/>
  <testcase name="loginTest" time="0.001" classname="mytests.LoginPageTest"/>
</testsuite> <!-- mytests.LoginPageTest -->
