<?xml version="1.0" encoding="UTF-8"?>
<!-- Generated by org.testng.reporters.JUnitReportReporter -->
<testsuite skipped="0" hostname="sirishas-Air.hitronhub.home" name="Apptests.GoogleTest" tests="2" failures="0" timestamp="03 Feb 2022 22:51:27 GMT" time="0.129" errors="0">
  <testcase name="googletTitleTest" time="0.051" classname="Apptests.GoogleTest"/>
  <testcase name="googleSearch" time="0.078" classname="Apptests.GoogleTest"/>
</testsuite> <!-- Apptests.GoogleTest -->
