<?xml version="1.0" encoding="UTF-8"?>
<!-- Generated by org.testng.reporters.JUnitReportReporter -->
<testsuite skipped="0" hostname="sirishas-Air.hitronhub.home" name="mytests.AppTest" tests="3" failures="0" timestamp="31 Jan 2022 20:49:14 GMT" time="0.012" errors="0">
  <testcase name="searchTest" time="0.002" classname="mytests.AppTest"/>
  <testcase name="homePageTest" time="0.008" classname="mytests.AppTest"/>
  <testcase name="priceTest" time="0.002" classname="mytests.AppTest"/>
</testsuite> <!-- mytests.AppTest -->
